#
# A fatal error has been detected by the Java Runtime Environment:
#
#  Internal Error (javaCalls.cpp:51), pid=2572, tid=13315
#  guarantee(thread->is_Java_thread()) failed: crucial check - the VM thread cannot and must not escape to Java code
#
# JRE version: Java(TM) SE Runtime Environment (8.0_45-b14) (build 1.8.0_45-b14)
# Java VM: Java HotSpot(TM) 64-Bit Server VM (25.45-b02 mixed mode bsd-amd64 compressed oops)
# Failed to write core dump. Core dumps have been disabled. To enable core dumping, try "ulimit -c unlimited" before starting Java again
#
# If you would like to submit a bug report, please visit:
#   http://bugreport.java.com/bugreport/crash.jsp
#

---------------  T H R E A D  ---------------

Current thread (0x00007fd30383d800):  VMThread [stack: 0x0000700000a35000,0x0000700000b35000] [id=13315]

Stack: [0x0000700000a35000,0x0000700000b35000],  sp=0x0000700000b33ac0,  free space=1018k
Native frames: (J=compiled Java code, j=interpreted, Vv=VM code, C=native code)
V  [libjvm.dylib+0x58e7ba]
V  [libjvm.dylib+0x1e037f]
V  [libjvm.dylib+0x2df9cc]
V  [libjvm.dylib+0x2e0284]
V  [libjvm.dylib+0x2e07a2]
V  [libjvm.dylib+0x23a243]
V  [libjvm.dylib+0x23a33e]
V  [libjvm.dylib+0x23a59d]
V  [libjvm.dylib+0x23a5b8]
V  [libjvm.dylib+0x27b3b3]
V  [libjvm.dylib+0x27e6d2]
V  [libjvm.dylib+0x27e7e0]
V  [libjvm.dylib+0x27ec17]
V  [libjvm.dylib+0x465f89]
V  [libjvm.dylib+0x466192]
V  [libjvm.dylib+0x46660e]
V  [libjvm.dylib+0x2b4610]
V  [libjvm.dylib+0x434fdd]
V  [libjvm.dylib+0x5870f3]
V  [libjvm.dylib+0x382957]
V  [libjvm.dylib+0x595f7d]
V  [libjvm.dylib+0x5945e9]
V  [libjvm.dylib+0x594a36]
V  [libjvm.dylib+0x594355]
V  [libjvm.dylib+0x46ea7e]
C  [libsystem_pthread.dylib+0x399d]  _pthread_body+0x83
C  [libsystem_pthread.dylib+0x391a]  _pthread_body+0x0
C  [libsystem_pthread.dylib+0x1351]  thread_start+0xd

VM_Operation (0x0000700000fc3958): GetOrSetLocal, mode: safepoint, requested by thread 0x00007fd304018000


---------------  P R O C E S S  ---------------

Java Threads: ( => current thread )
  0x00007fd304857000 JavaThread "jME3 Audio Decoder" daemon [_thread_blocked, id=97539, stack(0x0000700002412000,0x0000700002512000)]
  0x00007fd30307e800 JavaThread "jME3 Main" [_thread_blocked, id=68359, stack(0x0000700002106000,0x0000700002206000)]
  0x00007fd304a25800 JavaThread "TimerQueue" daemon [_thread_blocked, id=73547, stack(0x000070000228c000,0x000070000238c000)]
  0x00007fd3040ce800 JavaThread "Timer-0" daemon [_thread_blocked, id=64515, stack(0x0000700002003000,0x0000700002103000)]
  0x00007fd30390f000 JavaThread "Java2D Disposer" daemon [_thread_blocked, id=63755, stack(0x0000700001f00000,0x0000700002000000)]
  0x00007fd305824800 JavaThread "Java2D Queue Flusher" daemon [_thread_blocked, id=60167, stack(0x0000700001dfd000,0x0000700001efd000)]
  0x00007fd3048c5800 JavaThread "AppKit Thread" daemon [_thread_in_native, id=2571, stack(0x00007fff54501000,0x00007fff54d01000)]
  0x00007fd303892800 JavaThread "Service Thread" daemon [_thread_blocked, id=22531, stack(0x00007000015d9000,0x00007000016d9000)]
  0x00007fd30387f800 JavaThread "C1 CompilerThread3" daemon [_thread_blocked, id=22019, stack(0x00007000014d6000,0x00007000015d6000)]
  0x00007fd303876800 JavaThread "C2 CompilerThread2" daemon [_thread_blocked, id=21507, stack(0x00007000013d3000,0x00007000014d3000)]
  0x00007fd303875000 JavaThread "C2 CompilerThread1" daemon [_thread_blocked, id=20995, stack(0x00007000012d0000,0x00007000013d0000)]
  0x00007fd303013800 JavaThread "C2 CompilerThread0" daemon [_thread_blocked, id=20483, stack(0x00007000011cd000,0x00007000012cd000)]
  0x00007fd305802000 JavaThread "JDWP Command Reader" daemon [_thread_in_native, id=19971, stack(0x00007000010ca000,0x00007000011ca000)]
  0x00007fd30401e800 JavaThread "JDWP Event Helper Thread" daemon [_thread_blocked, id=19459, stack(0x0000700000fc7000,0x00007000010c7000)]
  0x00007fd304018000 JavaThread "JDWP Transport Listener: dt_socket" daemon [_thread_blocked, id=18947, stack(0x0000700000ec4000,0x0000700000fc4000)]
  0x00007fd30300f800 JavaThread "Signal Dispatcher" daemon [_thread_blocked, id=15887, stack(0x0000700000dc1000,0x0000700000ec1000)]
  0x00007fd30481e000 JavaThread "Finalizer" daemon [_thread_blocked, id=14339, stack(0x0000700000c3b000,0x0000700000d3b000)]
  0x00007fd30400e800 JavaThread "Reference Handler" daemon [_thread_blocked, id=13827, stack(0x0000700000b38000,0x0000700000c38000)]
  0x00007fd304004000 JavaThread "main" [_thread_blocked, id=5891, stack(0x000070000011a000,0x000070000021a000)]

Other Threads:
=>0x00007fd30383d800 VMThread [stack: 0x0000700000a35000,0x0000700000b35000] [id=13315]
  0x00007fd30483d000 WatcherThread [stack: 0x00007000016dc000,0x00007000017dc000] [id=23043]

VM state:at safepoint (normal execution)

VM Mutex/Monitor currently owned by a thread:  ([mutex/lock_event])
[0x00007fd302c14300] Threads_lock - owner thread: 0x00007fd30383d800

Heap:
 PSYoungGen      total 38400K, used 15811K [0x0000000795580000, 0x0000000798000000, 0x00000007c0000000)
  eden space 33280K, 32% used [0x0000000795580000,0x0000000795ff3928,0x0000000797600000)
  from space 5120K, 99% used [0x0000000797b00000,0x0000000797ffd340,0x0000000798000000)
  to   space 5120K, 0% used [0x0000000797600000,0x0000000797600000,0x0000000797b00000)
 ParOldGen       total 87552K, used 9087K [0x0000000740000000, 0x0000000745580000, 0x0000000795580000)
  object space 87552K, 10% used [0x0000000740000000,0x00000007408dfc38,0x0000000745580000)
 Metaspace       used 20628K, capacity 20893K, committed 21120K, reserved 1069056K
  class space    used 2351K, capacity 2422K, committed 2432K, reserved 1048576K

Card table byte_map: [0x000000011c574000,0x000000011c975000] byte_map_base: 0x0000000118b74000

Marking Bits: (ParMarkBitMap*) 0x000000010cac27a0
 Begin Bits: [0x000000011cc20000, 0x000000011ec20000)
 End Bits:   [0x000000011ec20000, 0x0000000120c20000)

Polling page: 0x000000010b1c2000

CodeCache: size=245760Kb used=7142Kb max_used=7244Kb free=238617Kb
 bounds [0x000000010d1b4000, 0x000000010d8d4000, 0x000000011c1b4000]
 total_blobs=2656 nmethods=2025 adapters=552
 compilation: enabled

Compilation events (10 events):
Event: 213.373 Thread 0x00007fd303876800 2091       4       simulator.Simulator::drawMap (106 bytes)
Event: 213.407 Thread 0x00007fd303876800 nmethod 2091 0x000000010d3c4950 code [0x000000010d3c4d00, 0x000000010d3c7108]
Event: 223.498 Thread 0x00007fd30387f800 2092       1       simulator.Drone::getSpeed (5 bytes)
Event: 223.498 Thread 0x00007fd30387f800 nmethod 2092 0x000000010d3237d0 code [0x000000010d323920, 0x000000010d323a30]
Event: 229.657 Thread 0x00007fd303876800 2093       4       simulator.Position::checkLatitude (41 bytes)
Event: 229.658 Thread 0x00007fd303876800 nmethod 2093 0x000000010d469650 code [0x000000010d4697c0, 0x000000010d4698b8]
Event: 230.278 Thread 0x00007fd303875000 2094       4       simulator.Place::getPosition (12 bytes)
Event: 230.280 Thread 0x00007fd303875000 nmethod 2094 0x000000010d2dd110 code [0x000000010d2dd2c0, 0x000000010d2dd578]
Event: 302.538 Thread 0x00007fd303013800 2095       4       java.util.concurrent.locks.AbstractQueuedSynchronizer::release (33 bytes)
Event: 302.540 Thread 0x00007fd303013800 nmethod 2095 0x000000010d469210 code [0x000000010d469360, 0x000000010d4694a8]

GC Heap History (4 events):
Event: 7.471 GC heap before
{Heap before GC invocations=1 (full 0):
 PSYoungGen      total 38400K, used 32806K [0x0000000795580000, 0x0000000798000000, 0x00000007c0000000)
  eden space 33280K, 98% used [0x0000000795580000,0x0000000797589818,0x0000000797600000)
  from space 5120K, 0% used [0x0000000797b00000,0x0000000797b00000,0x0000000798000000)
  to   space 5120K, 0% used [0x0000000797600000,0x0000000797600000,0x0000000797b00000)
 ParOldGen       total 87552K, used 0K [0x0000000740000000, 0x0000000745580000, 0x0000000795580000)
  object space 87552K, 0% used [0x0000000740000000,0x0000000740000000,0x0000000745580000)
 Metaspace       used 18129K, capacity 18341K, committed 18688K, reserved 1064960K
  class space    used 2125K, capacity 2194K, committed 2304K, reserved 1048576K
Event: 7.480 GC heap after
Heap after GC invocations=1 (full 0):
 PSYoungGen      total 38400K, used 5106K [0x0000000795580000, 0x0000000798000000, 0x00000007c0000000)
  eden space 33280K, 0% used [0x0000000795580000,0x0000000795580000,0x0000000797600000)
  from space 5120K, 99% used [0x0000000797600000,0x0000000797afca00,0x0000000797b00000)
  to   space 5120K, 0% used [0x0000000797b00000,0x0000000797b00000,0x0000000798000000)
 ParOldGen       total 87552K, used 4260K [0x0000000740000000, 0x0000000745580000, 0x0000000795580000)
  object space 87552K, 4% used [0x0000000740000000,0x00000007404293a0,0x0000000745580000)
 Metaspace       used 18129K, capacity 18341K, committed 18688K, reserved 1064960K
  class space    used 2125K, capacity 2194K, committed 2304K, reserved 1048576K
}
Event: 8.051 GC heap before
{Heap before GC invocations=2 (full 0):
 PSYoungGen      total 38400K, used 38386K [0x0000000795580000, 0x0000000798000000, 0x00000007c0000000)
  eden space 33280K, 100% used [0x0000000795580000,0x0000000797600000,0x0000000797600000)
  from space 5120K, 99% used [0x0000000797600000,0x0000000797afca00,0x0000000797b00000)
  to   space 5120K, 0% used [0x0000000797b00000,0x0000000797b00000,0x0000000798000000)
 ParOldGen       total 87552K, used 4260K [0x0000000740000000, 0x0000000745580000, 0x0000000795580000)
  object space 87552K, 4% used [0x0000000740000000,0x00000007404293a0,0x0000000745580000)
 Metaspace       used 20435K, capacity 20677K, committed 20864K, reserved 1067008K
  class space    used 2338K, capacity 2418K, committed 2432K, reserved 1048576K
Event: 8.059 GC heap after
Heap after GC invocations=2 (full 0):
 PSYoungGen      total 38400K, used 5108K [0x0000000795580000, 0x0000000798000000, 0x00000007c0000000)
  eden space 33280K, 0% used [0x0000000795580000,0x0000000795580000,0x0000000797600000)
  from space 5120K, 99% used [0x0000000797b00000,0x0000000797ffd340,0x0000000798000000)
  to   space 5120K, 0% used [0x0000000797600000,0x0000000797600000,0x0000000797b00000)
 ParOldGen       total 87552K, used 9087K [0x0000000740000000, 0x0000000745580000, 0x0000000795580000)
  object space 87552K, 10% used [0x0000000740000000,0x00000007408dfc38,0x0000000745580000)
 Metaspace       used 20435K, capacity 20677K, committed 20864K, reserved 1067008K
  class space    used 2338K, capacity 2418K, committed 2432K, reserved 1048576K
}

Deoptimization events (10 events):
Event: 7.629 Thread 0x00007fd30307e800 Uncommon trap: reason=bimorphic action=maybe_recompile pc=0x000000010d64312c method=java.util.regex.Pattern$Start.match(Ljava/util/regex/Matcher;ILjava/lang/CharSequence;)Z @ 44
Event: 7.668 Thread 0x00007fd30307e800 Uncommon trap: reason=unstable_if action=reinterpret pc=0x000000010d36f16c method=java.lang.String.replace(CC)Ljava/lang/String; @ 26
Event: 7.746 Thread 0x00007fd30307e800 Uncommon trap: reason=unstable_if action=reinterpret pc=0x000000010d75e130 method=com.jme3.scene.plugins.blender.textures.TexturePixel.fromARGB8(BBBB)V @ 27
Event: 7.804 Thread 0x00007fd30307e800 Uncommon trap: reason=unstable_if action=reinterpret pc=0x000000010d788c7c method=com.jme3.scene.plugins.blender.textures.blending.TextureBlenderAWT.blend(Lcom/jme3/texture/Image;Lcom/jme3/texture/Image;Lcom/jme3/scene/plugins/blender/BlenderContext;)Lcom
Event: 7.906 Thread 0x00007fd30307e800 Uncommon trap: reason=unstable_if action=reinterpret pc=0x000000010d7b6830 method=com.sun.org.apache.xerces.internal.impl.XMLEntityScanner.skipSpaces()Z @ 14
Event: 7.922 Thread 0x00007fd30307e800 Uncommon trap: reason=unstable_if action=reinterpret pc=0x000000010d7cd108 method=com.sun.org.apache.xerces.internal.impl.XMLEntityScanner.peekChar()I @ 14
Event: 7.942 Thread 0x00007fd30307e800 Uncommon trap: reason=unstable_if action=reinterpret pc=0x000000010d7faba8 method=com.sun.org.apache.xerces.internal.impl.XMLEntityScanner.scanContent(Lcom/sun/org/apache/xerces/internal/xni/XMLString;)I @ 385
Event: 7.961 Thread 0x00007fd30307e800 Uncommon trap: reason=unstable_if action=reinterpret pc=0x000000010d7fbc3c method=com.sun.org.apache.xerces.internal.impl.XMLEntityScanner.skipSpaces()Z @ 266
Event: 8.007 Thread 0x00007fd30307e800 Uncommon trap: reason=unstable_if action=reinterpret pc=0x000000010d83865c method=com.sun.org.apache.xerces.internal.impl.XMLEntityScanner.scanQName(Lcom/sun/org/apache/xerces/internal/xni/QName;)Z @ 69
Event: 8.044 Thread 0x00007fd30307e800 Uncommon trap: reason=unstable_if action=reinterpret pc=0x000000010d853da4 method=com.sun.org.apache.xerces.internal.impl.XMLEntityScanner.skipSpaces()Z @ 62

Internal exceptions (10 events):
Event: 7.243 Thread 0x00007fd30307e800 Exception <a 'java/security/PrivilegedActionException'> (0x00000007970d7ca8) thrown at [/Users/java_re/workspace/8-2-build-macosx-x86_64/jdk8u45/3457/hotspot/src/share/vm/prims/jvm.cpp, line 1382]
Event: 7.244 Thread 0x00007fd30307e800 Exception <a 'org/lwjgl/LWJGLException': Could not load OpenAL library> (0x00000007970d9868) thrown at [/Users/java_re/workspace/8-2-build-macosx-x86_64/jdk8u45/3457/hotspot/src/share/vm/prims/jni.cpp, line 735]
Event: 7.244 Thread 0x00007fd30307e800 Exception <a 'org/lwjgl/LWJGLException': Could not load OpenAL library> (0x00000007970d9ef8) thrown at [/Users/java_re/workspace/8-2-build-macosx-x86_64/jdk8u45/3457/hotspot/src/share/vm/prims/jni.cpp, line 735]
Event: 7.244 Thread 0x00007fd30307e800 Exception <a 'org/lwjgl/LWJGLException': Could not load OpenAL library> (0x00000007970da3e0) thrown at [/Users/java_re/workspace/8-2-build-macosx-x86_64/jdk8u45/3457/hotspot/src/share/vm/prims/jni.cpp, line 735]
Event: 7.244 Thread 0x00007fd30307e800 Exception <a 'org/lwjgl/LWJGLException': Could not load OpenAL library> (0x00000007970da870) thrown at [/Users/java_re/workspace/8-2-build-macosx-x86_64/jdk8u45/3457/hotspot/src/share/vm/prims/jni.cpp, line 735]
Event: 7.244 Thread 0x00007fd30307e800 Exception <a 'org/lwjgl/LWJGLException': Could not load OpenAL library> (0x00000007970dad40) thrown at [/Users/java_re/workspace/8-2-build-macosx-x86_64/jdk8u45/3457/hotspot/src/share/vm/prims/jni.cpp, line 735]
Event: 7.244 Thread 0x00007fd30307e800 Exception <a 'org/lwjgl/LWJGLException': Could not load OpenAL library> (0x00000007970db208) thrown at [/Users/java_re/workspace/8-2-build-macosx-x86_64/jdk8u45/3457/hotspot/src/share/vm/prims/jni.cpp, line 735]
Event: 7.244 Thread 0x00007fd30307e800 Exception <a 'org/lwjgl/LWJGLException': Could not load OpenAL library> (0x00000007970db640) thrown at [/Users/java_re/workspace/8-2-build-macosx-x86_64/jdk8u45/3457/hotspot/src/share/vm/prims/jni.cpp, line 735]
Event: 7.245 Thread 0x00007fd30307e800 Exception <a 'org/lwjgl/LWJGLException': Could not load OpenAL library> (0x00000007970dba38) thrown at [/Users/java_re/workspace/8-2-build-macosx-x86_64/jdk8u45/3457/hotspot/src/share/vm/prims/jni.cpp, line 735]
Event: 7.245 Thread 0x00007fd30307e800 Exception <a 'org/lwjgl/LWJGLException': Could not load OpenAL library> (0x00000007970dc080) thrown at [/Users/java_re/workspace/8-2-build-macosx-x86_64/jdk8u45/3457/hotspot/src/share/vm/prims/jni.cpp, line 735]

Events (10 events):
Event: 330.507 Executing VM operation: ChangeBreakpoints done
Event: 330.509 Executing VM operation: EnterInterpOnlyMode
Event: 330.509 Executing VM operation: EnterInterpOnlyMode done
Event: 330.509 Executing VM operation: GetCurrentLocation
Event: 330.509 Executing VM operation: GetCurrentLocation done
Event: 330.509 Executing VM operation: ChangeSingleStep
Event: 330.509 Executing VM operation: ChangeSingleStep done
Event: 330.509 Executing VM operation: ChangeSingleStep
Event: 330.509 Executing VM operation: ChangeSingleStep done
Event: 330.908 Executing VM operation: GetOrSetLocal


Dynamic libraries:
0x0000000004a44000 	/System/Library/Frameworks/Cocoa.framework/Versions/A/Cocoa
0x0000000004a44000 	/System/Library/Frameworks/Security.framework/Versions/A/Security
0x0000000004a44000 	/System/Library/Frameworks/ApplicationServices.framework/Versions/A/ApplicationServices
0x0000000004a44000 	/usr/lib/libz.1.dylib
0x0000000004a44000 	/usr/lib/libSystem.B.dylib
0x0000000004a44000 	/usr/lib/libobjc.A.dylib
0x0000000004a44000 	/System/Library/Frameworks/CoreFoundation.framework/Versions/A/CoreFoundation
0x0000000004a44000 	/System/Library/Frameworks/Foundation.framework/Versions/C/Foundation
0x0000000004a44000 	/System/Library/Frameworks/AppKit.framework/Versions/C/AppKit
0x0000000004a44000 	/System/Library/Frameworks/CoreData.framework/Versions/A/CoreData
0x0000000004a44000 	/System/Library/PrivateFrameworks/RemoteViewServices.framework/Versions/A/RemoteViewServices
0x0000000004a44000 	/System/Library/PrivateFrameworks/UIFoundation.framework/Versions/A/UIFoundation
0x0000000004a44000 	/usr/lib/libScreenReader.dylib
0x0000000004a44000 	/System/Library/Frameworks/Accelerate.framework/Versions/A/Accelerate
0x0000000004a44000 	/System/Library/Frameworks/IOSurface.framework/Versions/A/IOSurface
0x0000000004a44000 	/System/Library/Frameworks/AudioToolbox.framework/Versions/A/AudioToolbox
0x0000000004a44000 	/System/Library/Frameworks/AudioUnit.framework/Versions/A/AudioUnit
0x0000000004a44000 	/System/Library/PrivateFrameworks/DataDetectorsCore.framework/Versions/A/DataDetectorsCore
0x0000000004a44000 	/System/Library/PrivateFrameworks/DesktopServicesPriv.framework/Versions/A/DesktopServicesPriv
0x0000000004a44000 	/System/Library/Frameworks/Carbon.framework/Versions/A/Frameworks/HIToolbox.framework/Versions/A/HIToolbox
0x0000000004a44000 	/System/Library/Frameworks/QuartzCore.framework/Versions/A/QuartzCore
0x0000000004a44000 	/System/Library/Frameworks/Carbon.framework/Versions/A/Frameworks/SpeechRecognition.framework/Versions/A/SpeechRecognition
0x0000000004a44000 	/usr/lib/libauto.dylib
0x0000000004a44000 	/usr/lib/libicucore.A.dylib
0x0000000004a44000 	/usr/lib/libxml2.2.dylib
0x0000000004a44000 	/System/Library/PrivateFrameworks/CoreUI.framework/Versions/A/CoreUI
0x0000000004a44000 	/System/Library/Frameworks/CoreAudio.framework/Versions/A/CoreAudio
0x0000000004a44000 	/System/Library/Frameworks/DiskArbitration.framework/Versions/A/DiskArbitration
0x0000000004a44000 	/usr/lib/liblangid.dylib
0x0000000004a44000 	/System/Library/PrivateFrameworks/MultitouchSupport.framework/Versions/A/MultitouchSupport
0x0000000004a44000 	/System/Library/Frameworks/IOKit.framework/Versions/A/IOKit
0x0000000004a44000 	/usr/lib/libDiagnosticMessagesClient.dylib
0x0000000004a44000 	/System/Library/Frameworks/CoreServices.framework/Versions/A/CoreServices
0x0000000004a44000 	/System/Library/PrivateFrameworks/PerformanceAnalysis.framework/Versions/A/PerformanceAnalysis
0x0000000004a44000 	/System/Library/PrivateFrameworks/GenerationalStorage.framework/Versions/A/GenerationalStorage
0x0000000004a44000 	/System/Library/Frameworks/OpenGL.framework/Versions/A/OpenGL
0x0000000004a44000 	/System/Library/PrivateFrameworks/Sharing.framework/Versions/A/Sharing
0x0000000004a44000 	/System/Library/Frameworks/CoreGraphics.framework/Versions/A/CoreGraphics
0x0000000004a44000 	/System/Library/Frameworks/CoreImage.framework/Versions/A/CoreImage
0x0000000004a44000 	/System/Library/Frameworks/CoreText.framework/Versions/A/CoreText
0x0000000004a44000 	/System/Library/Frameworks/ImageIO.framework/Versions/A/ImageIO
0x0000000004a44000 	/System/Library/PrivateFrameworks/Backup.framework/Versions/A/Backup
0x0000000004a44000 	/usr/lib/libextension.dylib
0x0000000004a44000 	/usr/lib/libarchive.2.dylib
0x0000000004a44000 	/System/Library/Frameworks/CFNetwork.framework/Versions/A/CFNetwork
0x0000000004a44000 	/System/Library/Frameworks/SystemConfiguration.framework/Versions/A/SystemConfiguration
0x0000000004a44000 	/usr/lib/libCRFSuite.dylib
0x0000000004a44000 	/usr/lib/libc++.1.dylib
0x0000000004a44000 	/usr/lib/libc++abi.dylib
0x0000000004a44000 	/usr/lib/system/libcache.dylib
0x0000000004a44000 	/usr/lib/system/libcommonCrypto.dylib
0x0000000004a44000 	/usr/lib/system/libcompiler_rt.dylib
0x0000000004a44000 	/usr/lib/system/libcopyfile.dylib
0x0000000004a44000 	/usr/lib/system/libcorecrypto.dylib
0x0000000004a44000 	/usr/lib/system/libdispatch.dylib
0x0000000004a44000 	/usr/lib/system/libdyld.dylib
0x0000000004a44000 	/usr/lib/system/libkeymgr.dylib
0x0000000004a44000 	/usr/lib/system/liblaunch.dylib
0x0000000004a44000 	/usr/lib/system/libmacho.dylib
0x0000000004a44000 	/usr/lib/system/libquarantine.dylib
0x0000000004a44000 	/usr/lib/system/libremovefile.dylib
0x0000000004a44000 	/usr/lib/system/libsystem_asl.dylib
0x0000000004a44000 	/usr/lib/system/libsystem_blocks.dylib
0x0000000004a44000 	/usr/lib/system/libsystem_c.dylib
0x0000000004a44000 	/usr/lib/system/libsystem_configuration.dylib
0x0000000004a44000 	/usr/lib/system/libsystem_coreservices.dylib
0x0000000004a44000 	/usr/lib/system/libsystem_coretls.dylib
0x0000000004a44000 	/usr/lib/system/libsystem_dnssd.dylib
0x0000000004a44000 	/usr/lib/system/libsystem_info.dylib
0x0000000004a44000 	/usr/lib/system/libsystem_kernel.dylib
0x0000000004a44000 	/usr/lib/system/libsystem_m.dylib
0x0000000004a44000 	/usr/lib/system/libsystem_malloc.dylib
0x0000000004a44000 	/usr/lib/system/libsystem_network.dylib
0x0000000004a44000 	/usr/lib/system/libsystem_networkextension.dylib
0x0000000004a44000 	/usr/lib/system/libsystem_notify.dylib
0x0000000004a44000 	/usr/lib/system/libsystem_platform.dylib
0x0000000004a44000 	/usr/lib/system/libsystem_pthread.dylib
0x0000000004a44000 	/usr/lib/system/libsystem_sandbox.dylib
0x0000000004a44000 	/usr/lib/system/libsystem_secinit.dylib
0x0000000004a44000 	/usr/lib/system/libsystem_trace.dylib
0x0000000004a44000 	/usr/lib/system/libunc.dylib
0x0000000004a44000 	/usr/lib/system/libunwind.dylib
0x0000000004a44000 	/usr/lib/system/libxpc.dylib
0x0000000004a44000 	/usr/lib/libenergytrace.dylib
0x0000000004a44000 	/usr/lib/libbsm.0.dylib
0x0000000004a44000 	/usr/lib/system/libkxld.dylib
0x0000000004a44000 	/usr/lib/libxar.1.dylib
0x0000000004a44000 	/usr/lib/libsqlite3.dylib
0x0000000004a44000 	/usr/lib/libpam.2.dylib
0x0000000004a44000 	/usr/lib/libOpenScriptingUtil.dylib
0x0000000004a44000 	/usr/lib/libbz2.1.0.dylib
0x0000000004a44000 	/usr/lib/liblzma.5.dylib
0x0000000004a44000 	/System/Library/Frameworks/CoreServices.framework/Versions/A/Frameworks/FSEvents.framework/Versions/A/FSEvents
0x0000000004a44000 	/System/Library/Frameworks/CoreServices.framework/Versions/A/Frameworks/CarbonCore.framework/Versions/A/CarbonCore
0x0000000004a44000 	/System/Library/Frameworks/CoreServices.framework/Versions/A/Frameworks/Metadata.framework/Versions/A/Metadata
0x0000000004a44000 	/System/Library/Frameworks/CoreServices.framework/Versions/A/Frameworks/OSServices.framework/Versions/A/OSServices
0x0000000004a44000 	/System/Library/Frameworks/CoreServices.framework/Versions/A/Frameworks/SearchKit.framework/Versions/A/SearchKit
0x0000000004a44000 	/System/Library/Frameworks/CoreServices.framework/Versions/A/Frameworks/AE.framework/Versions/A/AE
0x0000000004a44000 	/System/Library/Frameworks/CoreServices.framework/Versions/A/Frameworks/LaunchServices.framework/Versions/A/LaunchServices
0x0000000004a44000 	/System/Library/Frameworks/CoreServices.framework/Versions/A/Frameworks/DictionaryServices.framework/Versions/A/DictionaryServices
0x0000000004a44000 	/System/Library/Frameworks/CoreServices.framework/Versions/A/Frameworks/SharedFileList.framework/Versions/A/SharedFileList
0x0000000004a44000 	/System/Library/Frameworks/NetFS.framework/Versions/A/NetFS
0x0000000004a44000 	/System/Library/PrivateFrameworks/NetAuth.framework/Versions/A/NetAuth
0x0000000004a44000 	/System/Library/PrivateFrameworks/login.framework/Versions/A/Frameworks/loginsupport.framework/Versions/A/loginsupport
0x0000000004a44000 	/System/Library/PrivateFrameworks/TCC.framework/Versions/A/TCC
0x0000000004a44000 	/usr/lib/libmecabra.dylib
0x0000000004a44000 	/System/Library/Frameworks/ApplicationServices.framework/Versions/A/Frameworks/ATS.framework/Versions/A/ATS
0x0000000004a44000 	/System/Library/Frameworks/ApplicationServices.framework/Versions/A/Frameworks/ColorSync.framework/Versions/A/ColorSync
0x0000000004a44000 	/System/Library/Frameworks/ApplicationServices.framework/Versions/A/Frameworks/HIServices.framework/Versions/A/HIServices
0x0000000004a44000 	/System/Library/Frameworks/ApplicationServices.framework/Versions/A/Frameworks/LangAnalysis.framework/Versions/A/LangAnalysis
0x0000000004a44000 	/System/Library/Frameworks/ApplicationServices.framework/Versions/A/Frameworks/PrintCore.framework/Versions/A/PrintCore
0x0000000004a44000 	/System/Library/Frameworks/ApplicationServices.framework/Versions/A/Frameworks/QD.framework/Versions/A/QD
0x0000000004a44000 	/System/Library/Frameworks/ApplicationServices.framework/Versions/A/Frameworks/SpeechSynthesis.framework/Versions/A/SpeechSynthesis
0x0000000004a44000 	/System/Library/Frameworks/Metal.framework/Versions/A/Metal
0x0000000004a44000 	/System/Library/Frameworks/Accelerate.framework/Versions/A/Frameworks/vImage.framework/Versions/A/vImage
0x0000000004a44000 	/System/Library/Frameworks/Accelerate.framework/Versions/A/Frameworks/vecLib.framework/Versions/A/vecLib
0x0000000004a44000 	/System/Library/Frameworks/Accelerate.framework/Versions/A/Frameworks/vecLib.framework/Versions/A/libvDSP.dylib
0x0000000004a44000 	/System/Library/Frameworks/Accelerate.framework/Versions/A/Frameworks/vecLib.framework/Versions/A/libvMisc.dylib
0x0000000004a44000 	/System/Library/Frameworks/Accelerate.framework/Versions/A/Frameworks/vecLib.framework/Versions/A/libLAPACK.dylib
0x0000000004a44000 	/System/Library/Frameworks/Accelerate.framework/Versions/A/Frameworks/vecLib.framework/Versions/A/libBLAS.dylib
0x0000000004a44000 	/System/Library/Frameworks/Accelerate.framework/Versions/A/Frameworks/vecLib.framework/Versions/A/libLinearAlgebra.dylib
0x0000000004a44000 	/System/Library/Frameworks/Accelerate.framework/Versions/A/Frameworks/vecLib.framework/Versions/A/libSparseBLAS.dylib
0x0000000004a44000 	/System/Library/PrivateFrameworks/GPUCompiler.framework/libmetal_timestamp.dylib
0x0000000004a44000 	/System/Library/Frameworks/OpenGL.framework/Versions/A/Libraries/libCoreFSCache.dylib
0x0000000004a44000 	/System/Library/PrivateFrameworks/IOAccelerator.framework/Versions/A/IOAccelerator
0x0000000004a44000 	/System/Library/Frameworks/ApplicationServices.framework/Versions/A/Frameworks/ATS.framework/Versions/A/Resources/libFontParser.dylib
0x0000000004a44000 	/System/Library/Frameworks/ApplicationServices.framework/Versions/A/Frameworks/ATS.framework/Versions/A/Resources/libFontRegistry.dylib
0x0000000004a44000 	/System/Library/PrivateFrameworks/AppleVPA.framework/Versions/A/AppleVPA
0x0000000004a44000 	/System/Library/PrivateFrameworks/AppleJPEG.framework/Versions/A/AppleJPEG
0x0000000004a44000 	/System/Library/Frameworks/ImageIO.framework/Versions/A/Resources/libJPEG.dylib
0x0000000004a44000 	/System/Library/Frameworks/ImageIO.framework/Versions/A/Resources/libTIFF.dylib
0x0000000004a44000 	/System/Library/Frameworks/ImageIO.framework/Versions/A/Resources/libPng.dylib
0x0000000004a44000 	/System/Library/Frameworks/ImageIO.framework/Versions/A/Resources/libGIF.dylib
0x0000000004a44000 	/System/Library/Frameworks/ImageIO.framework/Versions/A/Resources/libJP2.dylib
0x0000000004a44000 	/System/Library/Frameworks/ImageIO.framework/Versions/A/Resources/libRadiance.dylib
0x0000000004a44000 	/System/Library/Frameworks/CoreVideo.framework/Versions/A/CoreVideo
0x0000000004a44000 	/System/Library/Frameworks/OpenGL.framework/Versions/A/Libraries/libGLU.dylib
0x0000000004a44000 	/System/Library/Frameworks/OpenGL.framework/Versions/A/Libraries/libGFXShared.dylib
0x0000000004a44000 	/System/Library/Frameworks/OpenGL.framework/Versions/A/Libraries/libGL.dylib
0x0000000004a44000 	/System/Library/Frameworks/OpenGL.framework/Versions/A/Libraries/libGLImage.dylib
0x0000000004a44000 	/System/Library/Frameworks/OpenGL.framework/Versions/A/Libraries/libCVMSPluginSupport.dylib
0x0000000004a44000 	/System/Library/Frameworks/OpenGL.framework/Versions/A/Libraries/libCoreVMClient.dylib
0x0000000004a44000 	/usr/lib/libcups.2.dylib
0x0000000004a44000 	/System/Library/Frameworks/Kerberos.framework/Versions/A/Kerberos
0x0000000004a44000 	/System/Library/Frameworks/GSS.framework/Versions/A/GSS
0x0000000004a44000 	/usr/lib/libresolv.9.dylib
0x0000000004a44000 	/usr/lib/libiconv.2.dylib
0x0000000004a44000 	/System/Library/PrivateFrameworks/Heimdal.framework/Versions/A/Heimdal
0x0000000004a44000 	/usr/lib/libheimdal-asn1.dylib
0x0000000004a44000 	/System/Library/Frameworks/OpenDirectory.framework/Versions/A/OpenDirectory
0x0000000004a44000 	/System/Library/PrivateFrameworks/CommonAuth.framework/Versions/A/CommonAuth
0x0000000004a44000 	/System/Library/Frameworks/OpenDirectory.framework/Versions/A/Frameworks/CFOpenDirectory.framework/Versions/A/CFOpenDirectory
0x0000000004a44000 	/System/Library/Frameworks/SecurityFoundation.framework/Versions/A/SecurityFoundation
0x0000000004a44000 	/System/Library/PrivateFrameworks/LanguageModeling.framework/Versions/A/LanguageModeling
0x0000000004a44000 	/usr/lib/libmarisa.dylib
0x0000000004a44000 	/usr/lib/libChineseTokenizer.dylib
0x0000000004a44000 	/usr/lib/libcmph.dylib
0x0000000004a44000 	/usr/lib/libcompression.dylib
0x0000000004a44000 	/System/Library/Frameworks/ServiceManagement.framework/Versions/A/ServiceManagement
0x0000000004a44000 	/usr/lib/libxslt.1.dylib
0x0000000004a44000 	/System/Library/Frameworks/Carbon.framework/Versions/A/Frameworks/Ink.framework/Versions/A/Ink
0x0000000004a44000 	/usr/lib/libFosl_dynamic.dylib
0x0000000004a44000 	/System/Library/PrivateFrameworks/FaceCore.framework/Versions/A/FaceCore
0x0000000004a44000 	/System/Library/Frameworks/OpenCL.framework/Versions/A/OpenCL
0x0000000004a44000 	/System/Library/PrivateFrameworks/CrashReporterSupport.framework/Versions/A/CrashReporterSupport
0x0000000004a44000 	/System/Library/PrivateFrameworks/IconServices.framework/Versions/A/IconServices
0x0000000004a44000 	/System/Library/PrivateFrameworks/Apple80211.framework/Versions/A/Apple80211
0x0000000004a44000 	/System/Library/Frameworks/CoreWLAN.framework/Versions/A/CoreWLAN
0x0000000004a44000 	/System/Library/Frameworks/IOBluetooth.framework/Versions/A/IOBluetooth
0x0000000004a44000 	/System/Library/PrivateFrameworks/CoreWiFi.framework/Versions/A/CoreWiFi
0x0000000004a44000 	/System/Library/Frameworks/CoreBluetooth.framework/Versions/A/CoreBluetooth
0x0000000004a44000 	/System/Library/PrivateFrameworks/ChunkingLibrary.framework/Versions/A/ChunkingLibrary
0x0000000004a44000 	/System/Library/PrivateFrameworks/DebugSymbols.framework/Versions/A/DebugSymbols
0x0000000004a44000 	/System/Library/PrivateFrameworks/CoreSymbolication.framework/Versions/A/CoreSymbolication
0x0000000004a44000 	/System/Library/PrivateFrameworks/Symbolication.framework/Versions/A/Symbolication
0x0000000004a44000 	/System/Library/PrivateFrameworks/SpeechRecognitionCore.framework/Versions/A/SpeechRecognitionCore
0x000000010c200000 	/Library/Java/JavaVirtualMachines/jdk1.8.0_45.jdk/Contents/Home/jre/lib/server/libjvm.dylib
0x0000000004a44000 	/usr/lib/libstdc++.6.dylib
0x000000010b17f000 	/Library/Java/JavaVirtualMachines/jdk1.8.0_45.jdk/Contents/Home/jre/lib/libverify.dylib
0x000000010b18d000 	/Library/Java/JavaVirtualMachines/jdk1.8.0_45.jdk/Contents/Home/jre/lib/libjava.dylib
0x000000010d169000 	/Library/Java/JavaVirtualMachines/jdk1.8.0_45.jdk/Contents/Home/jre/lib/libjdwp.dylib
0x000000010b1c3000 	/Library/Java/JavaVirtualMachines/jdk1.8.0_45.jdk/Contents/Home/jre/lib/libnpt.dylib
0x000000010b1d0000 	/Library/Java/JavaVirtualMachines/jdk1.8.0_45.jdk/Contents/Home/jre/lib/libzip.dylib
0x0000000123776000 	/System/Library/Frameworks/JavaVM.framework/Frameworks/JavaRuntimeSupport.framework/JavaRuntimeSupport
0x0000000123791000 	/System/Library/Frameworks/JavaVM.framework/Versions/A/Frameworks/JavaNativeFoundation.framework/Versions/A/JavaNativeFoundation
0x00000001237a6000 	/System/Library/Frameworks/JavaVM.framework/Versions/A/JavaVM
0x0000000004a44000 	/System/Library/Frameworks/Carbon.framework/Versions/A/Carbon
0x00000001237b3000 	/System/Library/PrivateFrameworks/JavaLaunching.framework/Versions/A/JavaLaunching
0x0000000004a44000 	/System/Library/Frameworks/Carbon.framework/Versions/A/Frameworks/CommonPanels.framework/Versions/A/CommonPanels
0x0000000004a44000 	/System/Library/Frameworks/Carbon.framework/Versions/A/Frameworks/Help.framework/Versions/A/Help
0x0000000004a44000 	/System/Library/Frameworks/Carbon.framework/Versions/A/Frameworks/ImageCapture.framework/Versions/A/ImageCapture
0x0000000004a44000 	/System/Library/Frameworks/Carbon.framework/Versions/A/Frameworks/OpenScripting.framework/Versions/A/OpenScripting
0x0000000004a44000 	/System/Library/Frameworks/Carbon.framework/Versions/A/Frameworks/Print.framework/Versions/A/Print
0x0000000004a44000 	/System/Library/Frameworks/Carbon.framework/Versions/A/Frameworks/SecurityHI.framework/Versions/A/SecurityHI
0x00000001250d1000 	/Library/Java/JavaVirtualMachines/jdk1.8.0_45.jdk/Contents/Home/jre/lib/libdt_socket.dylib
0x00000001250f8000 	/Library/Java/JavaVirtualMachines/jdk1.8.0_45.jdk/Contents/Home/jre/lib/libawt.dylib
0x00000001251a0000 	/Library/Java/JavaVirtualMachines/jdk1.8.0_45.jdk/Contents/Home/jre/lib/./libmlib_image.dylib
0x000000012526c000 	/Library/Java/JavaVirtualMachines/jdk1.8.0_45.jdk/Contents/Home/jre/lib/libawt_lwawt.dylib
0x0000000125320000 	/Library/Java/JavaVirtualMachines/jdk1.8.0_45.jdk/Contents/Home/jre/lib/./libosxapp.dylib
0x0000000004a44000 	/System/Library/Frameworks/ExceptionHandling.framework/Versions/A/ExceptionHandling
0x0000000004a44000 	/System/Library/PrivateFrameworks/CoreServicesInternal.framework/Versions/A/CoreServicesInternal
0x0000000004a44000 	/System/Library/Frameworks/CoreGraphics.framework/Versions/A/Resources/libRIP.A.dylib
0x0000000004a44000 	/System/Library/Frameworks/Accelerate.framework/Versions/A/Frameworks/vImage.framework/Versions/A/Libraries/libCGInterfaces.dylib
0x0000000004a44000 	/System/Library/Frameworks/CoreGraphics.framework/Versions/A/Resources/libCGXType.A.dylib
0x0000000004a44000 	/System/Library/Frameworks/OpenCL.framework/Versions/A/Libraries/libcldcpuengine.dylib
0x0000000004a44000 	/System/Library/PrivateFrameworks/DiskImages.framework/Versions/A/DiskImages
0x0000000004a44000 	/System/Library/Frameworks/DiscRecording.framework/Versions/A/DiscRecording
0x0000000004a44000 	/usr/lib/libcsfde.dylib
0x0000000004a44000 	/usr/lib/libcurl.4.dylib
0x0000000004a44000 	/System/Library/PrivateFrameworks/MediaKit.framework/Versions/A/MediaKit
0x0000000004a44000 	/System/Library/PrivateFrameworks/ProtectedCloudStorage.framework/Versions/A/ProtectedCloudStorage
0x0000000004a44000 	/usr/lib/libCoreStorage.dylib
0x0000000004a44000 	/System/Library/PrivateFrameworks/EFILogin.framework/Versions/A/EFILogin
0x0000000004a44000 	/usr/lib/libutil.dylib
0x0000000004a44000 	/System/Library/PrivateFrameworks/FindMyDevice.framework/Versions/A/FindMyDevice
0x0000000004a44000 	/System/Library/Frameworks/LDAP.framework/Versions/A/LDAP
0x0000000004a44000 	/usr/lib/libsasl2.2.dylib
0x0000000004a44000 	/System/Library/PrivateFrameworks/CoreDaemon.framework/Versions/B/CoreDaemon
0x0000000004a44000 	/usr/lib/libcrypto.0.9.8.dylib
0x0000000004a44000 	/System/Library/PrivateFrameworks/AppleSRP.framework/Versions/A/AppleSRP
0x0000000004a44000 	/System/Library/PrivateFrameworks/TrustEvaluationAgent.framework/Versions/A/TrustEvaluationAgent
0x00000001274f2000 	cl_kernels
0x0000000004a44000 	/System/Library/Frameworks/OpenCL.framework/Versions/A/Libraries/ImageFormats/unorm8_bgra.dylib
0x0000000004a44000 	/System/Library/Frameworks/OpenCL.framework/Versions/A/Libraries/ImageFormats/unorm8_rgba.dylib
0x0000000004a44000 	/System/Library/PrivateFrameworks/FamilyControls.framework/Versions/A/FamilyControls
0x0000000004a44000 	/System/Library/PrivateFrameworks/CommerceKit.framework/Versions/A/Frameworks/CommerceCore.framework/Versions/A/CommerceCore
0x0000000004a44000 	/System/Library/PrivateFrameworks/SystemAdministration.framework/Versions/A/SystemAdministration
0x0000000004a44000 	/System/Library/PrivateFrameworks/AppContainer.framework/Versions/A/AppContainer
0x0000000004a44000 	/System/Library/PrivateFrameworks/SecCodeWrapper.framework/Versions/A/SecCodeWrapper
0x0000000004a44000 	/System/Library/Frameworks/DirectoryService.framework/Versions/A/DirectoryService
0x0000000004a44000 	/System/Library/PrivateFrameworks/LoginUIKit.framework/Versions/A/Frameworks/LoginUICore.framework/Versions/A/LoginUICore
0x0000000004a44000 	/usr/lib/libodfde.dylib
0x00000001285f2000 	/Library/Java/JavaVirtualMachines/jdk1.8.0_45.jdk/Contents/Home/jre/lib/libfontmanager.dylib
0x0000000004a44000 	/System/Library/Frameworks/OpenGL.framework/Versions/A/Resources/GLEngine.bundle/GLEngine
0x0000000004a44000 	/System/Library/Frameworks/OpenGL.framework/Versions/A/Libraries/libGLProgrammability.dylib
0x00000001286b3000 	/System/Library/Extensions/AppleIntelHD3000GraphicsGLDriver.bundle/Contents/MacOS/AppleIntelHD3000GraphicsGLDriver
0x0000000004a44000 	/System/Library/PrivateFrameworks/GPUSupport.framework/Versions/A/Libraries/libGPUSupport.dylib
0x0000000128b52000 	/System/Library/Extensions/AMDRadeonX3000GLDriver.bundle/Contents/MacOS/AMDRadeonX3000GLDriver
0x0000000004a44000 	/System/Library/PrivateFrameworks/GPUSupport.framework/Versions/A/Libraries/libGPUSupportMercury.dylib
0x0000000128c31000 	/System/Library/Extensions/AMDRadeonX3000GLDriver.bundle/Contents/MacOS/ATIRadeonX3000SCLib.dylib
0x0000000004a44000 	/System/Library/Frameworks/OpenGL.framework/Versions/A/Resources/GLRendererFloat.bundle/GLRendererFloat
0x0000000128f68000 	/Library/Java/JavaVirtualMachines/jdk1.8.0_45.jdk/Contents/Home/jre/lib/libosxui.dylib
0x00000001299b3000 	/Library/Java/JavaVirtualMachines/jdk1.8.0_45.jdk/Contents/Home/jre/lib/libosx.dylib
0x000000012b8e8000 	/Library/Java/JavaVirtualMachines/jdk1.8.0_45.jdk/Contents/Home/jre/lib/libnet.dylib
0x000000012b616000 	/Library/Java/JavaVirtualMachines/jdk1.8.0_45.jdk/Contents/Home/jre/lib/libnio.dylib
0x000000012ae83000 	/Users/djp3/Documents/ClassResources/2016_01_CS030/workspace/ch_14_drone_world/libopenal.dylib
0x000000012aedf000 	/Users/djp3/Documents/ClassResources/2016_01_CS030/workspace/ch_14_drone_world/liblwjgl.dylib
0x0000000129e31000 	/Library/Java/JavaVirtualMachines/jdk1.8.0_45.jdk/Contents/Home/jre/lib/libjawt.dylib
0x0000000126886000 	/System/Library/Frameworks/OpenAL.framework/OpenAL
0x000000012712f000 	/System/Library/Components/CoreAudio.component/Contents/MacOS/CoreAudio
0x00000001272f5000 	/System/Library/Extensions/AppleHDA.kext/Contents/PlugIns/AppleHDAHALPlugIn.bundle/Contents/MacOS/AppleHDAHALPlugIn
0x0000000127496000 	/Library/Java/JavaVirtualMachines/jdk1.8.0_45.jdk/Contents/Home/jre/lib/libjpeg.dylib
0x000000012c658000 	/Library/Java/JavaVirtualMachines/jdk1.8.0_45.jdk/Contents/Home/jre/lib/liblcms.dylib

VM Arguments:
jvm_args: -agentlib:jdwp=transport=dt_socket,suspend=y,address=localhost:55392 -Dfile.encoding=UTF-8 
java_command: simulator.Simulator
java_class_path (initial): /Users/djp3/Documents/ClassResources/2016_01_CS030/workspace/ch_14_drone_world/target/classes:/Users/djp3/.p2/pool/plugins/org.junit_4.12.0.v201504281640/junit.jar:/Users/djp3/.p2/pool/plugins/org.hamcrest.core_1.3.0.v201303031735.jar:/Users/djp3/Documents/ClassResources/2016_01_CS030/workspace/ch_14_drone_world/lib/jme3-core.jar:/Users/djp3/Documents/ClassResources/2016_01_CS030/workspace/ch_14_drone_world/lib/jme3-desktop.jar:/Users/djp3/Documents/ClassResources/2016_01_CS030/workspace/ch_14_drone_world/lib/jme3-lwjgl.jar:/Users/djp3/Documents/ClassResources/2016_01_CS030/workspace/ch_14_drone_world/lib/lwjgl.jar:/Users/djp3/Documents/ClassResources/2016_01_CS030/workspace/ch_14_drone_world/lib/jme3-plugins.jar:/Users/djp3/Documents/ClassResources/2016_01_CS030/workspace/ch_14_drone_world/lib/jme3-blender.jar:/Users/djp3/Documents/ClassResources/2016_01_CS030/workspace/ch_14_drone_world/lib/jme3-jogg.jar:/Users/djp3/Documents/ClassResources/2016_01_CS030/workspace/ch_14_drone_world/lib/j-ogg-all.jar:/Users/djp3/Documents/ClassResources/2016_01_CS030/workspace/ch_14_drone_world/lib/jme3-testdata.jar:/Users/djp3/Documents/ClassResources/2016_01_CS030/workspace/ch_14_drone_world/lib/simple.jar:/Users/djp3/Documents/ClassResources/2016_01_CS030/workspace/ch_14_drone_world/lib/core.jar:/Users/djp3/Documents/ClassResources/2016_01_CS030/workspace/ch_14_drone_world/lib/dense64.jar:/Users/djp3/Documents/ClassResources/2016_01_CS030/workspace/ch_14_drone_world/lib/denseC64.jar:/Users/djp3/Documents/ClassResources/2016_01_CS030/workspace/ch_14_drone_world/lib/jme3-terrain.jar:/Users/djp3/Documents/ClassResources/2016_01_CS030/workspace/ch_14_drone_world/lib/jme3-effects.jar:/Users/djp3/.m2/repository/java3d/vecmath/1.3.1/vecmath-1.3.1.jar:/Users/djp3/.m2/repository/org/lwjgl/lwjgl/3.0.0b/lwjgl-3.0.0b.jar:/Users/djp3/.m2/repository/org/lwjgl/lwjgl-platform/3.0.0b/lwjgl-platform-3.0.0b-natives-osx.jar
Launcher Type: SUN_STANDARD

Environment Variables:
PATH=/usr/bin:/bin:/usr/sbin:/sbin
SHELL=/bin/bash
DISPLAY=/private/tmp/com.apple.launchd.PkDWGkVcnJ/org.macosforge.xquartz:0

Signal Handlers:
SIGSEGV: [libjvm.dylib+0x58ef95], sa_mask[0]=11111111011111110111111111111111, sa_flags=SA_ONSTACK|SA_RESTART|SA_SIGINFO
SIGBUS: [libjvm.dylib+0x58ef95], sa_mask[0]=11111111011111110111111111111111, sa_flags=SA_RESTART|SA_SIGINFO
SIGFPE: [libjvm.dylib+0x46c108], sa_mask[0]=11111111011111110111111111111111, sa_flags=SA_RESTART|SA_SIGINFO
SIGPIPE: [libjvm.dylib+0x46c108], sa_mask[0]=11111111011111110111111111111111, sa_flags=SA_RESTART|SA_SIGINFO
SIGXFSZ: [libjvm.dylib+0x46c108], sa_mask[0]=11111111011111110111111111111111, sa_flags=SA_RESTART|SA_SIGINFO
SIGILL: [libjvm.dylib+0x46c108], sa_mask[0]=11111111011111110111111111111111, sa_flags=SA_RESTART|SA_SIGINFO
SIGUSR1: SIG_DFL, sa_mask[0]=00000000000000000000000000000000, sa_flags=none
SIGUSR2: [libjvm.dylib+0x46bc26], sa_mask[0]=00100000000000000000000000000000, sa_flags=SA_RESTART|SA_SIGINFO
SIGHUP: [libjvm.dylib+0x46a1f9], sa_mask[0]=11111111011111110111111111111111, sa_flags=SA_RESTART|SA_SIGINFO
SIGINT: [libjvm.dylib+0x46a1f9], sa_mask[0]=11111111011111110111111111111111, sa_flags=SA_RESTART|SA_SIGINFO
SIGTERM: [libjvm.dylib+0x46a1f9], sa_mask[0]=11111111011111110111111111111111, sa_flags=SA_RESTART|SA_SIGINFO
SIGQUIT: [libjvm.dylib+0x46a1f9], sa_mask[0]=11111111011111110111111111111111, sa_flags=SA_RESTART|SA_SIGINFO


---------------  S Y S T E M  ---------------

OS:Bsduname:Darwin 15.4.0 Darwin Kernel Version 15.4.0: Fri Feb 26 22:08:05 PST 2016; root:xnu-3248.40.184~3/RELEASE_X86_64 x86_64
rlimit: STACK 8192k, CORE 0k, NPROC 709, NOFILE 10240, AS infinity
load average:2.27 2.14 2.25

CPU:total 8 (4 cores per cpu, 2 threads per core) family 6 model 42 stepping 7, cmov, cx8, fxsr, mmx, sse, sse2, sse3, ssse3, sse4.1, sse4.2, popcnt, avx, aes, clmul, ht, tsc, tscinvbit

Memory: 4k page, physical 8388608k(57696k free)

/proc/meminfo:


vm_info: Java HotSpot(TM) 64-Bit Server VM (25.45-b02) for bsd-amd64 JRE (1.8.0_45-b14), built on Apr 10 2015 10:46:38 by "java_re" with gcc 4.2.1 (Based on Apple Inc. build 5658) (LLVM build 2336.11.00)

time: Mon Apr 18 17:47:13 2016
elapsed time: 330 seconds (0d 0h 5m 30s)

